<?xml version="1.0" encoding="UTF-8" ?>
<testsuite errors="1" failures="2" hostname="DESKTOP-1QI7G5I" name="edu.sc.csce747.MeetingPlanner.CalendarTest" skipped="0" tests="9" time="0.554" timestamp="2025-10-27T07:21:34">
  <properties>
[...]
</properties>
  <testcase classname="edu.sc.csce747.MeetingPlanner.CalendarTest" name="testPrintAgenda_day" time="0.084" />
  <testcase classname="edu.sc.csce747.MeetingPlanner.CalendarTest" name="testAddMultipleMeetingsSameDay" time="0.001" />
  <testcase classname="edu.sc.csce747.MeetingPlanner.CalendarTest" name="testAddMeeting_validTimeSlot" time="0.023">
    <failure message="Should not throw exception: Meeting starts before it ends." type="junit.framework.AssertionFailedError">junit.framework.AssertionFailedError: Should not throw exception: Meeting starts before it ends.
	at edu.sc.csce747.MeetingPlanner.CalendarTest.testAddMeeting_validTimeSlot(CalendarTest.java:43)
	at java.base/jdk.internal.reflect.DirectMethodHandleAccessor.invoke(DirectMethodHandleAccessor.java:103)
</failure>
  </testcase>
  <testcase classname="edu.sc.csce747.MeetingPlanner.CalendarTest" name="testAddMeeting_holiday" time="0.001" />
  <testcase classname="edu.sc.csce747.MeetingPlanner.CalendarTest" name="testRemoveMeeting" time="0.002" />
  <testcase classname="edu.sc.csce747.MeetingPlanner.CalendarTest" name="testIsBusy_validTimeRange" time="0.005">
    <failure message="Should be busy when completely contains meeting" type="junit.framework.AssertionFailedError">junit.framework.AssertionFailedError: Should be busy when completely contains meeting
	at edu.sc.csce747.MeetingPlanner.CalendarTest.testIsBusy_validTimeRange(CalendarTest.java:76)
	at java.base/jdk.internal.reflect.DirectMethodHandleAccessor.invoke(DirectMethodHandleAccessor.java:103)
</failure>
  </testcase>
  <testcase classname="edu.sc.csce747.MeetingPlanner.CalendarTest" name="testClearSchedule" time="0.001" />
  <testcase classname="edu.sc.csce747.MeetingPlanner.CalendarTest" name="testGetMeeting" time="0.003" />
  <testcase classname="edu.sc.csce747.MeetingPlanner.CalendarTest" name="testPrintAgenda_month" time="0.013">
    <error message="Cannot invoke &quot;edu.sc.csce747.MeetingPlanner.Room.getID()&quot; because &quot;this.room&quot; is null" type="java.lang.NullPointerException">java.lang.NullPointerException: Cannot invoke &quot;edu.sc.csce747.MeetingPlanner.Room.getID()&quot; because &quot;this.room&quot; is null
	at edu.sc.csce747.MeetingPlanner.Meeting.toString(Meeting.java:103)
	at edu.sc.csce747.MeetingPlanner.Calendar.printAgenda(Calendar.java:162)
	at edu.sc.csce747.MeetingPlanner.CalendarTest.testPrintAgenda_month(CalendarTest.java:96)
	at java.base/jdk.internal.reflect.DirectMethodHandleAccessor.invoke(DirectMethodHandleAccessor.java:103)
</error>
  </testcase>
  <system-out><![CDATA[]]></system-out>
  <system-err><![CDATA[]]></system-err>
</testsuite>
