<?xml version="1.0" encoding="UTF-8" ?>
<testsuites>
  <testsuite errors="0" failures="2" hostname="DESKTOP-1QI7G5I" id="0" name="CalendarNegativeTest" package="edu.sc.csce747.MeetingPlanner" skipped="0" tests="18" time="0.503" timestamp="2025-10-27T07:21:32">
      <properties>
[...]
</properties>

      <testcase classname="edu.sc.csce747.MeetingPlanner.CalendarNegativeTest" name="testAddMeeting_invalidMonth_tooLarge" time="0.019" />

      <testcase classname="edu.sc.csce747.MeetingPlanner.CalendarNegativeTest" name="testAddMeeting_invalidStartTime_tooLarge" time="0.001" />

      <testcase classname="edu.sc.csce747.MeetingPlanner.CalendarNegativeTest" name="testAddMeeting_invalidDay_zero" time="0.0" />

      <testcase classname="edu.sc.csce747.MeetingPlanner.CalendarNegativeTest" name="testIsBusy_invalidParameters" time="0.001" />

      <testcase classname="edu.sc.csce747.MeetingPlanner.CalendarNegativeTest" name="testAddMeeting_invalidDay_tooLarge" time="0.002" />

      <testcase classname="edu.sc.csce747.MeetingPlanner.CalendarNegativeTest" name="testAddMeeting_invalidEndTime_tooLarge" time="0.001" />

      <testcase classname="edu.sc.csce747.MeetingPlanner.CalendarNegativeTest" name="testAddMeeting_timeConflict" time="0.029" />

      <testcase classname="edu.sc.csce747.MeetingPlanner.CalendarNegativeTest" name="testEdgeCase_boundaryValues" time="0.02">
          <failure message="Should not throw exception for maximum valid values: Month does not exist." type="junit.framework.AssertionFailedError">junit.framework.AssertionFailedError: Should not throw exception for maximum valid values: Month does not exist.
	at edu.sc.csce747.MeetingPlanner.CalendarNegativeTest.testEdgeCase_boundaryValues(CalendarNegativeTest.java:288)
	at java.base/jdk.internal.reflect.DirectMethodHandleAccessor.invoke(DirectMethodHandleAccessor.java:103)
</failure>

      </testcase>

      <testcase classname="edu.sc.csce747.MeetingPlanner.CalendarNegativeTest" name="testAddMeeting_nonExistentDays" time="0.003">
          <failure message="Should throw TimeConflictException for February 30" type="junit.framework.AssertionFailedError">junit.framework.AssertionFailedError: Should throw TimeConflictException for February 30
	at edu.sc.csce747.MeetingPlanner.CalendarNegativeTest.testAddMeeting_nonExistentDays(CalendarNegativeTest.java:250)
	at java.base/jdk.internal.reflect.DirectMethodHandleAccessor.invoke(DirectMethodHandleAccessor.java:103)
</failure>

      </testcase>

      <testcase classname="edu.sc.csce747.MeetingPlanner.CalendarNegativeTest" name="testAddMeeting_exactTimeConflict" time="0.001" />

      <testcase classname="edu.sc.csce747.MeetingPlanner.CalendarNegativeTest" name="testAddMeeting_invalidMonth_zero" time="0.0" />

      <testcase classname="edu.sc.csce747.MeetingPlanner.CalendarNegativeTest" name="testAddMeeting_partialOverlap" time="0.001" />

      <testcase classname="edu.sc.csce747.MeetingPlanner.CalendarNegativeTest" name="testAddMeeting_invalidMonth_negative" time="0.004" />

      <testcase classname="edu.sc.csce747.MeetingPlanner.CalendarNegativeTest" name="testAddMeeting_invalidStartTime_negative" time="0.002" />

      <testcase classname="edu.sc.csce747.MeetingPlanner.CalendarNegativeTest" name="testAddMeeting_invalidDay_negative" time="0.004" />

      <testcase classname="edu.sc.csce747.MeetingPlanner.CalendarNegativeTest" name="testAddMeeting_invalidEndTime_negative" time="0.003" />

      <testcase classname="edu.sc.csce747.MeetingPlanner.CalendarNegativeTest" name="testAddMeeting_startTimeEqualsEndTime" time="0.002" />

      <testcase classname="edu.sc.csce747.MeetingPlanner.CalendarNegativeTest" name="testAddMeeting_startTimeAfterEndTime" time="0.003" />

      <system-out><![CDATA[]]></system-out>

      <system-err><![CDATA[]]></system-err>

  </testsuite>
  <testsuite errors="1" failures="2" hostname="DESKTOP-1QI7G5I" id="1" name="CalendarTest" package="edu.sc.csce747.MeetingPlanner" skipped="0" tests="9" time="0.554" timestamp="2025-10-27T07:21:34">
      <properties>
[...]
</properties>

      <testcase classname="edu.sc.csce747.MeetingPlanner.CalendarTest" name="testPrintAgenda_day" time="0.084" />

      <testcase classname="edu.sc.csce747.MeetingPlanner.CalendarTest" name="testAddMultipleMeetingsSameDay" time="0.001" />

      <testcase classname="edu.sc.csce747.MeetingPlanner.CalendarTest" name="testAddMeeting_validTimeSlot" time="0.023">
          <failure message="Should not throw exception: Meeting starts before it ends." type="junit.framework.AssertionFailedError">junit.framework.AssertionFailedError: Should not throw exception: Meeting starts before it ends.
	at edu.sc.csce747.MeetingPlanner.CalendarTest.testAddMeeting_validTimeSlot(CalendarTest.java:43)
	at java.base/jdk.internal.reflect.DirectMethodHandleAccessor.invoke(DirectMethodHandleAccessor.java:103)
</failure>

      </testcase>

      <testcase classname="edu.sc.csce747.MeetingPlanner.CalendarTest" name="testAddMeeting_holiday" time="0.001" />

      <testcase classname="edu.sc.csce747.MeetingPlanner.CalendarTest" name="testRemoveMeeting" time="0.002" />

      <testcase classname="edu.sc.csce747.MeetingPlanner.CalendarTest" name="testIsBusy_validTimeRange" time="0.005">
          <failure message="Should be busy when completely contains meeting" type="junit.framework.AssertionFailedError">junit.framework.AssertionFailedError: Should be busy when completely contains meeting
	at edu.sc.csce747.MeetingPlanner.CalendarTest.testIsBusy_validTimeRange(CalendarTest.java:76)
	at java.base/jdk.internal.reflect.DirectMethodHandleAccessor.invoke(DirectMethodHandleAccessor.java:103)
</failure>

      </testcase>

      <testcase classname="edu.sc.csce747.MeetingPlanner.CalendarTest" name="testClearSchedule" time="0.001" />

      <testcase classname="edu.sc.csce747.MeetingPlanner.CalendarTest" name="testGetMeeting" time="0.003" />

      <testcase classname="edu.sc.csce747.MeetingPlanner.CalendarTest" name="testPrintAgenda_month" time="0.013">
          <error message="Cannot invoke &quot;edu.sc.csce747.MeetingPlanner.Room.getID()&quot; because &quot;this.room&quot; is null" type="java.lang.NullPointerException">java.lang.NullPointerException: Cannot invoke &quot;edu.sc.csce747.MeetingPlanner.Room.getID()&quot; because &quot;this.room&quot; is null
	at edu.sc.csce747.MeetingPlanner.Meeting.toString(Meeting.java:103)
	at edu.sc.csce747.MeetingPlanner.Calendar.printAgenda(Calendar.java:162)
	at edu.sc.csce747.MeetingPlanner.CalendarTest.testPrintAgenda_month(CalendarTest.java:96)
	at java.base/jdk.internal.reflect.DirectMethodHandleAccessor.invoke(DirectMethodHandleAccessor.java:103)
</error>

      </testcase>

      <system-out><![CDATA[]]></system-out>

      <system-err><![CDATA[]]></system-err>

  </testsuite>
  <testsuite errors="0" failures="6" hostname="DESKTOP-1QI7G5I" id="2" name="EdgeCaseTest" package="edu.sc.csce747.MeetingPlanner" skipped="0" tests="22" time="1.011" timestamp="2025-10-27T07:21:36">
      <properties>
[...]
</properties>

      <testcase classname="edu.sc.csce747.MeetingPlanner.EdgeCaseTest" name="testPerson_VeryLongName" time="0.041" />

      <testcase classname="edu.sc.csce747.MeetingPlanner.EdgeCaseTest" name="testCalendar_MidnightMeeting" time="0.005" />

      <testcase classname="edu.sc.csce747.MeetingPlanner.EdgeCaseTest" name="testPerson_EmptyName" time="0.004" />

      <testcase classname="edu.sc.csce747.MeetingPlanner.EdgeCaseTest" name="testCalendar_MaximumMeetingsPerDay" time="0.121">
          <failure message="Should be able to schedule maximum meetings per day: Overlap with another item - Meeting 0 - scheduled from 0 and 1" type="junit.framework.AssertionFailedError">junit.framework.AssertionFailedError: Should be able to schedule maximum meetings per day: Overlap with another item - Meeting 0 - scheduled from 0 and 1
	at edu.sc.csce747.MeetingPlanner.EdgeCaseTest.testCalendar_MaximumMeetingsPerDay(EdgeCaseTest.java:121)
	at java.base/jdk.internal.reflect.DirectMethodHandleAccessor.invoke(DirectMethodHandleAccessor.java:103)
</failure>

      </testcase>

      <testcase classname="edu.sc.csce747.MeetingPlanner.EdgeCaseTest" name="testRoom_NullID" time="0.003" />

      <testcase classname="edu.sc.csce747.MeetingPlanner.EdgeCaseTest" name="testCalendar_NonLeapYearFebruary29" time="0.01">
          <failure message="February 29 should be invalid in non-leap years" type="junit.framework.AssertionFailedError">junit.framework.AssertionFailedError: February 29 should be invalid in non-leap years
	at edu.sc.csce747.MeetingPlanner.EdgeCaseTest.testCalendar_NonLeapYearFebruary29(EdgeCaseTest.java:45)
	at java.base/jdk.internal.reflect.DirectMethodHandleAccessor.invoke(DirectMethodHandleAccessor.java:103)
</failure>

      </testcase>

      <testcase classname="edu.sc.csce747.MeetingPlanner.EdgeCaseTest" name="testCalendar_ConsecutiveMeetings" time="0.009">
          <failure message="Consecutive meetings should be valid: Overlap with another item - Meeting 1 - scheduled from 9 and 10" type="junit.framework.AssertionFailedError">junit.framework.AssertionFailedError: Consecutive meetings should be valid: Overlap with another item - Meeting 1 - scheduled from 9 and 10
	at edu.sc.csce747.MeetingPlanner.EdgeCaseTest.testCalendar_ConsecutiveMeetings(EdgeCaseTest.java:138)
	at java.base/jdk.internal.reflect.DirectMethodHandleAccessor.invoke(DirectMethodHandleAccessor.java:103)
</failure>

      </testcase>

      <testcase classname="edu.sc.csce747.MeetingPlanner.EdgeCaseTest" name="testRoom_EmptyID" time="0.004" />

      <testcase classname="edu.sc.csce747.MeetingPlanner.EdgeCaseTest" name="testIsBusy_SingleHourRange" time="0.008">
          <failure message="Should not be busy before" type="junit.framework.AssertionFailedError">junit.framework.AssertionFailedError: Should not be busy before
	at edu.sc.csce747.MeetingPlanner.EdgeCaseTest.testIsBusy_SingleHourRange(EdgeCaseTest.java:306)
	at java.base/jdk.internal.reflect.DirectMethodHandleAccessor.invoke(DirectMethodHandleAccessor.java:103)
</failure>

      </testcase>

      <testcase classname="edu.sc.csce747.MeetingPlanner.EdgeCaseTest" name="testMeeting_NullDescription" time="0.003" />

      <testcase classname="edu.sc.csce747.MeetingPlanner.EdgeCaseTest" name="testMeeting_SpecialCharactersInDescription" time="0.004" />

      <testcase classname="edu.sc.csce747.MeetingPlanner.EdgeCaseTest" name="testCalendar_LateNightMeeting" time="0.003" />

      <testcase classname="edu.sc.csce747.MeetingPlanner.EdgeCaseTest" name="testIsBusy_ExactBoundaryTimes" time="0.008">
          <failure message="Boundary time tests should work: Meeting starts before it ends." type="junit.framework.AssertionFailedError">junit.framework.AssertionFailedError: Boundary time tests should work: Meeting starts before it ends.
	at edu.sc.csce747.MeetingPlanner.EdgeCaseTest.testIsBusy_ExactBoundaryTimes(EdgeCaseTest.java:294)
	at java.base/jdk.internal.reflect.DirectMethodHandleAccessor.invoke(DirectMethodHandleAccessor.java:103)
</failure>

      </testcase>

      <testcase classname="edu.sc.csce747.MeetingPlanner.EdgeCaseTest" name="testPerson_NullName" time="0.003" />

      <testcase classname="edu.sc.csce747.MeetingPlanner.EdgeCaseTest" name="testCalendar_LeapYearFebruary29" time="0.004" />

      <testcase classname="edu.sc.csce747.MeetingPlanner.EdgeCaseTest" name="testRoom_VeryLongID" time="0.003" />

      <testcase classname="edu.sc.csce747.MeetingPlanner.EdgeCaseTest" name="testMeeting_EmptyDescription" time="0.003" />

      <testcase classname="edu.sc.csce747.MeetingPlanner.EdgeCaseTest" name="testCalendar_AllDayMeeting" time="0.003" />

      <testcase classname="edu.sc.csce747.MeetingPlanner.EdgeCaseTest" name="testMeeting_VeryLongDescription" time="0.004" />

      <testcase classname="edu.sc.csce747.MeetingPlanner.EdgeCaseTest" name="testMeeting_NullAttendees" time="0.005" />

      <testcase classname="edu.sc.csce747.MeetingPlanner.EdgeCaseTest" name="testMeeting_NullRoom" time="0.003" />

      <testcase classname="edu.sc.csce747.MeetingPlanner.EdgeCaseTest" name="testCalendar_ZeroDurationMeeting" time="0.01">
          <failure message="Zero-duration meetings should be valid: Meeting starts before it ends." type="junit.framework.AssertionFailedError">junit.framework.AssertionFailedError: Zero-duration meetings should be valid: Meeting starts before it ends.
	at edu.sc.csce747.MeetingPlanner.EdgeCaseTest.testCalendar_ZeroDurationMeeting(EdgeCaseTest.java:101)
	at java.base/jdk.internal.reflect.DirectMethodHandleAccessor.invoke(DirectMethodHandleAccessor.java:103)
</failure>

      </testcase>

      <system-out><![CDATA[]]></system-out>

      <system-err><![CDATA[]]></system-err>

  </testsuite>
  <testsuite errors="0" failures="0" hostname="DESKTOP-1QI7G5I" id="3" name="MeetingTest" package="edu.sc.csce747.MeetingPlanner" skipped="0" tests="7" time="0.711" timestamp="2025-10-27T07:21:40">
      <properties>
[...]
</properties>

      <testcase classname="edu.sc.csce747.MeetingPlanner.MeetingTest" name="testMeetingFullConstructor" time="0.046" />

      <testcase classname="edu.sc.csce747.MeetingPlanner.MeetingTest" name="testAddAndRemoveAttendee" time="0.003" />

      <testcase classname="edu.sc.csce747.MeetingPlanner.MeetingTest" name="testMeetingConstructorWithTimes" time="0.008" />

      <testcase classname="edu.sc.csce747.MeetingPlanner.MeetingTest" name="testSettersAndGetters" time="0.003" />

      <testcase classname="edu.sc.csce747.MeetingPlanner.MeetingTest" name="testMeetingConstructorWithMonthAndDay" time="0.003" />

      <testcase classname="edu.sc.csce747.MeetingPlanner.MeetingTest" name="testMeetingConstructorWithMonthDayAndDescription" time="0.001" />

      <testcase classname="edu.sc.csce747.MeetingPlanner.MeetingTest" name="testMeetingDefaultConstructor" time="0.002" />

      <system-out><![CDATA[]]></system-out>

      <system-err><![CDATA[]]></system-err>

  </testsuite>
  <testsuite errors="0" failures="0" hostname="DESKTOP-1QI7G5I" id="4" name="OrganizationTest" package="edu.sc.csce747.MeetingPlanner" skipped="0" tests="17" time="0.826" timestamp="2025-10-27T07:21:42">
      <properties>
[...]
</properties>

      <testcase classname="edu.sc.csce747.MeetingPlanner.OrganizationTest" name="testGetEmployee_CaseSensitive" time="0.075" />

      <testcase classname="edu.sc.csce747.MeetingPlanner.OrganizationTest" name="testGetRoom_AnotherValidRoom" time="0.007" />

      <testcase classname="edu.sc.csce747.MeetingPlanner.OrganizationTest" name="testGetRooms" time="0.005" />

      <testcase classname="edu.sc.csce747.MeetingPlanner.OrganizationTest" name="testGetEmployee_ValidEmployee" time="0.005" />

      <testcase classname="edu.sc.csce747.MeetingPlanner.OrganizationTest" name="testOrganizationDefaultConstructor" time="0.005" />

      <testcase classname="edu.sc.csce747.MeetingPlanner.OrganizationTest" name="testGetRoom_CaseSensitive" time="0.007" />

      <testcase classname="edu.sc.csce747.MeetingPlanner.OrganizationTest" name="testGetEmployee_WithSpaces" time="0.005" />

      <testcase classname="edu.sc.csce747.MeetingPlanner.OrganizationTest" name="testGetEmployee_EmptyName" time="0.005" />

      <testcase classname="edu.sc.csce747.MeetingPlanner.OrganizationTest" name="testGetEmployees" time="0.005" />

      <testcase classname="edu.sc.csce747.MeetingPlanner.OrganizationTest" name="testGetEmployee_NonExistentEmployee" time="0.007" />

      <testcase classname="edu.sc.csce747.MeetingPlanner.OrganizationTest" name="testGetEmployee_AnotherValidEmployee" time="0.005" />

      <testcase classname="edu.sc.csce747.MeetingPlanner.OrganizationTest" name="testGetRoom_EmptyID" time="0.004" />

      <testcase classname="edu.sc.csce747.MeetingPlanner.OrganizationTest" name="testGetRoom_ValidRoom" time="0.005" />

      <testcase classname="edu.sc.csce747.MeetingPlanner.OrganizationTest" name="testGetEmployee_NullName" time="0.003" />

      <testcase classname="edu.sc.csce747.MeetingPlanner.OrganizationTest" name="testGetRoom_WithSpaces" time="0.002" />

      <testcase classname="edu.sc.csce747.MeetingPlanner.OrganizationTest" name="testGetRoom_NonExistentRoom" time="0.003" />

      <testcase classname="edu.sc.csce747.MeetingPlanner.OrganizationTest" name="testGetRoom_NullID" time="0.003" />

      <system-out><![CDATA[]]></system-out>

      <system-err><![CDATA[]]></system-err>

  </testsuite>
  <testsuite errors="0" failures="1" hostname="DESKTOP-1QI7G5I" id="5" name="PersonTest" package="edu.sc.csce747.MeetingPlanner" skipped="0" tests="11" time="0.892" timestamp="2025-10-27T07:21:46">
      <properties>
[...]
</properties>

      <testcase classname="edu.sc.csce747.MeetingPlanner.PersonTest" name="testPrintAgenda_day" time="0.14" />

      <testcase classname="edu.sc.csce747.MeetingPlanner.PersonTest" name="testIsBusy_invalidParameters" time="0.003" />

      <testcase classname="edu.sc.csce747.MeetingPlanner.PersonTest" name="testRemoveMeeting" time="0.002" />

      <testcase classname="edu.sc.csce747.MeetingPlanner.PersonTest" name="testAddMeeting_timeConflict" time="0.036" />

      <testcase classname="edu.sc.csce747.MeetingPlanner.PersonTest" name="testAddMeeting_validMeeting" time="0.002" />

      <testcase classname="edu.sc.csce747.MeetingPlanner.PersonTest" name="testPersonConstructorWithName" time="0.003" />

      <testcase classname="edu.sc.csce747.MeetingPlanner.PersonTest" name="testIsBusy_validTime" time="0.032">
          <failure message="Should not throw exception: Meeting starts before it ends." type="junit.framework.AssertionFailedError">junit.framework.AssertionFailedError: Should not throw exception: Meeting starts before it ends.
	at edu.sc.csce747.MeetingPlanner.PersonTest.testIsBusy_validTime(PersonTest.java:54)
	at java.base/jdk.internal.reflect.DirectMethodHandleAccessor.invoke(DirectMethodHandleAccessor.java:103)
</failure>

      </testcase>

      <testcase classname="edu.sc.csce747.MeetingPlanner.PersonTest" name="testPersonDefaultConstructor" time="0.001" />

      <testcase classname="edu.sc.csce747.MeetingPlanner.PersonTest" name="testGetMeeting" time="0.002" />

      <testcase classname="edu.sc.csce747.MeetingPlanner.PersonTest" name="testAddMeeting_invalidTime" time="0.001" />

      <testcase classname="edu.sc.csce747.MeetingPlanner.PersonTest" name="testPrintAgenda_month" time="0.014" />

      <system-out><![CDATA[]]></system-out>

      <system-err><![CDATA[]]></system-err>

  </testsuite>
  <testsuite errors="0" failures="1" hostname="DESKTOP-1QI7G5I" id="6" name="RoomTest" package="edu.sc.csce747.MeetingPlanner" skipped="0" tests="12" time="1.014" timestamp="2025-10-27T07:21:49">
      <properties>
[...]
</properties>

      <testcase classname="edu.sc.csce747.MeetingPlanner.RoomTest" name="testPrintAgenda_day" time="0.14" />

      <testcase classname="edu.sc.csce747.MeetingPlanner.RoomTest" name="testMultipleRoomsDifferentSchedules" time="0.003" />

      <testcase classname="edu.sc.csce747.MeetingPlanner.RoomTest" name="testRoomDefaultConstructor" time="0.002" />

      <testcase classname="edu.sc.csce747.MeetingPlanner.RoomTest" name="testIsBusy_invalidParameters" time="0.002" />

      <testcase classname="edu.sc.csce747.MeetingPlanner.RoomTest" name="testRemoveMeeting" time="0.004" />

      <testcase classname="edu.sc.csce747.MeetingPlanner.RoomTest" name="testAddMeeting_timeConflict" time="0.036" />

      <testcase classname="edu.sc.csce747.MeetingPlanner.RoomTest" name="testAddMeeting_validMeeting" time="0.002" />

      <testcase classname="edu.sc.csce747.MeetingPlanner.RoomTest" name="testIsBusy_validTime" time="0.033">
          <failure message="Should not throw exception: Meeting starts before it ends." type="junit.framework.AssertionFailedError">junit.framework.AssertionFailedError: Should not throw exception: Meeting starts before it ends.
	at edu.sc.csce747.MeetingPlanner.RoomTest.testIsBusy_validTime(RoomTest.java:54)
	at java.base/jdk.internal.reflect.DirectMethodHandleAccessor.invoke(DirectMethodHandleAccessor.java:103)
</failure>

      </testcase>

      <testcase classname="edu.sc.csce747.MeetingPlanner.RoomTest" name="testGetMeeting" time="0.003" />

      <testcase classname="edu.sc.csce747.MeetingPlanner.RoomTest" name="testAddMeeting_invalidTime" time="0.002" />

      <testcase classname="edu.sc.csce747.MeetingPlanner.RoomTest" name="testRoomConstructorWithID" time="0.001" />

      <testcase classname="edu.sc.csce747.MeetingPlanner.RoomTest" name="testPrintAgenda_month" time="0.022" />

      <system-out><![CDATA[]]></system-out>

      <system-err><![CDATA[]]></system-err>

  </testsuite>
</testsuites>
