<?xml version="1.0" encoding="UTF-8" ?>
<testsuite errors="0" failures="1" hostname="DESKTOP-1QI7G5I" name="edu.sc.csce747.MeetingPlanner.RoomTest" skipped="0" tests="12" time="1.014" timestamp="2025-10-27T07:21:49">
  <properties>
[...]
</properties>
  <testcase classname="edu.sc.csce747.MeetingPlanner.RoomTest" name="testPrintAgenda_day" time="0.14" />
  <testcase classname="edu.sc.csce747.MeetingPlanner.RoomTest" name="testMultipleRoomsDifferentSchedules" time="0.003" />
  <testcase classname="edu.sc.csce747.MeetingPlanner.RoomTest" name="testRoomDefaultConstructor" time="0.002" />
  <testcase classname="edu.sc.csce747.MeetingPlanner.RoomTest" name="testIsBusy_invalidParameters" time="0.002" />
  <testcase classname="edu.sc.csce747.MeetingPlanner.RoomTest" name="testRemoveMeeting" time="0.004" />
  <testcase classname="edu.sc.csce747.MeetingPlanner.RoomTest" name="testAddMeeting_timeConflict" time="0.036" />
  <testcase classname="edu.sc.csce747.MeetingPlanner.RoomTest" name="testAddMeeting_validMeeting" time="0.002" />
  <testcase classname="edu.sc.csce747.MeetingPlanner.RoomTest" name="testIsBusy_validTime" time="0.033">
    <failure message="Should not throw exception: Meeting starts before it ends." type="junit.framework.AssertionFailedError">junit.framework.AssertionFailedError: Should not throw exception: Meeting starts before it ends.
	at edu.sc.csce747.MeetingPlanner.RoomTest.testIsBusy_validTime(RoomTest.java:54)
	at java.base/jdk.internal.reflect.DirectMethodHandleAccessor.invoke(DirectMethodHandleAccessor.java:103)
</failure>
  </testcase>
  <testcase classname="edu.sc.csce747.MeetingPlanner.RoomTest" name="testGetMeeting" time="0.003" />
  <testcase classname="edu.sc.csce747.MeetingPlanner.RoomTest" name="testAddMeeting_invalidTime" time="0.002" />
  <testcase classname="edu.sc.csce747.MeetingPlanner.RoomTest" name="testRoomConstructorWithID" time="0.001" />
  <testcase classname="edu.sc.csce747.MeetingPlanner.RoomTest" name="testPrintAgenda_month" time="0.022" />
  <system-out><![CDATA[]]></system-out>
  <system-err><![CDATA[]]></system-err>
</testsuite>
